mktextfm Calibri
mktextfm Calibri
mktextfm Calibri
mktextfm Calibri/BI
mktextfm Calibri
mktextfm Calibri/B
mktextfm Calibri
mktextfm Calibri/I
mktextfm Calibri
mktextfm Calibri
mktextfm Consolas
mktextfm Consolas
mktextfm Consolas
mktextfm Consolas/BI
mktextfm Consolas
mktextfm Consolas/B
mktextfm Consolas
mktextfm Consolas/I
mktextfm Consolas
mktextfm Consolas
mktextfm Calibri
mktextfm Calibri
mktextfm Calibri
mktextfm Calibri/BI
mktextfm Calibri
mktextfm Calibri/B
mktextfm Calibri
mktextfm Calibri/I
mktextfm Calibri
mktextfm Calibri
mktextfm Consolas
mktextfm Consolas
mktextfm Consolas
mktextfm Consolas/BI
mktextfm Consolas
mktextfm Consolas/B
mktextfm Consolas
mktextfm Consolas/I
mktextfm Consolas
mktextfm Consolas
